  Reading Qt configuration (D:/QT/5.12.12/msvc2017_64/bin/qmake)
  uic UserLoginWindow.ui
  uic UserWindow.ui
  moc QtWidgetsApplication1.h
  moc CourierRegisterWindow.h
  moc CourierLoginWindow.h
  moc ManagerLoginWindow.h
  moc UserRegisterWindow.h
  moc UserLoginWindow.h
  moc UserWindow.h
  Account.cpp
  CourierRegister.cpp
  CourierWindow.cpp
  Database.cpp
  CourierLoginWindow.cpp
  CourierRegisterWindow.cpp
  Goods.cpp
  Interactive.cpp
  ManagerLoginWindow.cpp
  ManagerWindow.cpp
  UserLoginWindow.cpp
  UserRegister.cpp
D:\Desktop\program design\Logistics management\Qt\QtWidgetsApplication1\head.h(13,10): fatal error C1083: 无法打开包括文件: “mysql.h”: No such file or directory (编译源文件 Account.cpp)
  UserRegisterWindow.cpp
D:\Desktop\program design\Logistics management\Qt\QtWidgetsApplication1\head.h(13,10): fatal error C1083: 无法打开包括文件: “mysql.h”: No such file or directory (编译源文件 Database.cpp)
  UserWindow.cpp
D:\Desktop\program design\Logistics management\Qt\QtWidgetsApplication1\head.h(13,10): fatal error C1083: 无法打开包括文件: “mysql.h”: No such file or directory (编译源文件 Goods.cpp)
  QtWidgetsApplication1.cpp
D:\Desktop\program design\Logistics management\Qt\QtWidgetsApplication1\head.h(13,10): fatal error C1083: 无法打开包括文件: “mysql.h”: No such file or directory (编译源文件 Interactive.cpp)
  main.cpp
D:\Desktop\program design\Logistics management\Qt\QtWidgetsApplication1\head.h(13,10): fatal error C1083: 无法打开包括文件: “mysql.h”: No such file or directory (编译源文件 UserLoginWindow.cpp)
D:\Desktop\program design\Logistics management\Qt\QtWidgetsApplication1\UserWindow.h(5,10): fatal error C1083: 无法打开包括文件: “UserLoginWindow.h”: No such file or directory (编译源文件 UserWindow.cpp)
D:\Desktop\program design\Logistics management\Qt\QtWidgetsApplication1\UserWindow.h(5,10): fatal error C1083: 无法打开包括文件: “UserLoginWindow.h”: No such file or directory (编译源文件 QtWidgetsApplication1.cpp)
D:\Desktop\program design\Logistics management\Qt\QtWidgetsApplication1\UserWindow.h(5,10): fatal error C1083: 无法打开包括文件: “UserLoginWindow.h”: No such file or directory (编译源文件 main.cpp)
